<?xml version="1.0" encoding="UTF-8"?>
<testsuite xmlns:xsi="http://www.w3.org/2001/XMLSchema-instance" xsi:noNamespaceSchemaLocation="https://maven.apache.org/surefire/maven-failsafe-plugin/xsd/failsafe-test-report.xsd" name="com.pch.automation.FrontpageTestSuite" time="576.581" tests="26" errors="1" skipped="17" failures="1">
  <properties>
[...]
</properties>
  <testcase name="BeforeStories" classname="java.lang.Object" time="0.004"/>
  <testcase name="@BeforeStory" classname="com.pch.automation.stepdefinitions.CommonScenarioSteps" time="0"/>
  <testcase name="Given Register a fully registered user through RF and login to the site" classname="com.pch.automation.stepdefinitions.RegistrationScenarioSteps" time="34.767"/>
  <testcase name="When Verify the daily bonus game info window" classname="com.pch.automation.stepdefinitions.fp.ScratchpathScenarioSteps" time="306.098">
    <failure message="Failed to display bonus game info window." type="java.lang.AssertionError">java.lang.AssertionError: Failed to display bonus game info window.
	at com.pch.automation.stepdefinitions.fp.ScratchpathScenarioSteps.verifyBonusGameInfoWindow(ScratchpathScenarioSteps.java:99)
</failure>
    <system-out><![CDATA[Given Register a fully registered user through RF and login to the site
]]></system-out>
    <system-err><![CDATA[[1570621911.779][SEVERE]: Timed out receiving message from renderer: 300.000
[1570621911.781][SEVERE]: Timed out receiving message from renderer: -0.002
]]></system-err>
  </testcase>
  <testcase name="Then Do a search and verify daily bonus game progress bar" classname="com.pch.automation.stepdefinitions.fp.ScratchpathScenarioSteps" time="0">
    <skipped/>
    <system-out><![CDATA[When Verify the daily bonus game info window (FAILED)
(java.lang.AssertionError: Failed to display bonus game info window.)
]]></system-out>
  </testcase>
  <testcase name="And Read articles and verify daily bonus game progress bar" classname="com.pch.automation.stepdefinitions.fp.ScratchpathScenarioSteps" time="0">
    <skipped/>
    <system-out><![CDATA[Then Do a search and verify daily bonus game progress bar (NOT PERFORMED)
]]></system-out>
  </testcase>
  <testcase name="And Claim Horoscope tokens and verify daily bonus game progress bar" classname="com.pch.automation.stepdefinitions.fp.ScratchpathScenarioSteps" time="0">
    <skipped/>
    <system-out><![CDATA[And Read articles and verify daily bonus game progress bar (NOT PERFORMED)
]]></system-out>
  </testcase>
  <testcase name="And Claim Lottery tokens and verify daily bonus game progress bar" classname="com.pch.automation.stepdefinitions.fp.ScratchpathScenarioSteps" time="0">
    <skipped/>
    <system-out><![CDATA[And Claim Horoscope tokens and verify daily bonus game progress bar (NOT PERFORMED)
]]></system-out>
  </testcase>
  <testcase name="And Claim Weather tokens and verify daily bonus game progress bar" classname="com.pch.automation.stepdefinitions.fp.ScratchpathScenarioSteps" time="0">
    <skipped/>
    <system-out><![CDATA[And Claim Lottery tokens and verify daily bonus game progress bar (NOT PERFORMED)
]]></system-out>
  </testcase>
  <testcase name="And Verify the presence of play bonus game icon" classname="com.pch.automation.stepdefinitions.fp.ScratchpathScenarioSteps" time="0">
    <skipped/>
    <system-out><![CDATA[And Claim Weather tokens and verify daily bonus game progress bar (NOT PERFORMED)
]]></system-out>
  </testcase>
  <testcase name="And Verify the play bonus game property on database &apos;1&apos;" classname="com.pch.automation.stepdefinitions.fp.ScratchpathScenarioSteps" time="0">
    <skipped/>
    <system-out><![CDATA[And Verify the presence of play bonus game icon (NOT PERFORMED)
]]></system-out>
  </testcase>
  <testcase name="FpAdmin․story" classname="FpAdmin․story" time="110.425"/>
  <testcase name="@BeforeScenario" classname="com.pch.automation.stepdefinitions.CommonScenarioSteps" time="0"/>
  <testcase name="Given Login to the FP Application as recent user" classname="com.pch.automation.stepdefinitions.CommonScenarioSteps" time="53.539"/>
  <testcase name="When Navigate to scratchcard page" classname="com.pch.automation.stepdefinitions.fp.ScratchpathScenarioSteps" time="56.106">
    <error message="Expected condition failed: waiting for presence of element located by: By.cssSelector: img.progress-bar-sticky__play-now (tried for 25 second(s) with 500 milliseconds interval)" type="org.openqa.selenium.TimeoutException">org.openqa.selenium.TimeoutException: Expected condition failed: waiting for presence of element located by: By.cssSelector: img.progress-bar-sticky__play-now (tried for 25 second(s) with 500 milliseconds interval)
	at com.pch.automation.stepdefinitions.fp.ScratchpathScenarioSteps.navigateToScratchcardPage(ScratchpathScenarioSteps.java:166)
Caused by: org.openqa.selenium.NoSuchElementException: 
no such element: Unable to locate element: {"method":"css selector","selector":"img.progress-bar-sticky__play-now"}
  (Session info: chrome=77.0.3865.90)
For documentation on this error, please visit: https://www.seleniumhq.org/exceptions/no_such_element.html
Build info: version: '3.141.59', revision: 'e82be7d358', time: '2018-11-14T08:17:03'
System info: host: 'VSANKAR2', ip: '10.37.0.75', os.name: 'Windows 10', os.arch: 'amd64', os.version: '10.0', java.version: '11.0.2'
Driver info: org.openqa.selenium.chrome.ChromeDriver
Capabilities {acceptInsecureCerts: false, browserName: chrome, browserVersion: 77.0.3865.90, chrome: {chromedriverVersion: 76.0.3809.68 (420c9498db8ce..., userDataDir: C:\Users\vsankar\AppData\Lo...}, goog:chromeOptions: {debuggerAddress: localhost:61466}, javascriptEnabled: true, networkConnectionEnabled: false, pageLoadStrategy: normal, platform: XP, platformName: XP, proxy: Proxy(), setWindowRect: true, strictFileInteractability: false, timeouts: {implicit: 0, pageLoad: 300000, script: 30000}, unhandledPromptBehavior: accept}
Session ID: e3f22fc494671b6f0fc299ff8347b0ea
*** Element info: {Using=css selector, value=img.progress-bar-sticky__play-now}
	at com.pch.automation.stepdefinitions.fp.ScratchpathScenarioSteps.navigateToScratchcardPage(ScratchpathScenarioSteps.java:166)
</error>
    <system-out><![CDATA[Given Login to the FP Application as recent user

]]></system-out>
  </testcase>
  <testcase name="Then Verify the application redirected to Scratchcard page" classname="com.pch.automation.stepdefinitions.fp.ScratchpathScenarioSteps" time="0">
    <skipped/>
    <system-out><![CDATA[When Navigate to scratchcard page (FAILED)
(org.openqa.selenium.TimeoutException: Expected condition failed: waiting for presence of element located by: By.cssSelector: img.progress-bar-sticky__play-now (tried for 25 second(s) with 500 milliseconds interval))
]]></system-out>
  </testcase>
  <testcase name="And Verify right rail ad &apos;300&apos;,&apos;250&apos;" classname="com.pch.automation.stepdefinitions.fp.AdScenarioSteps" time="0">
    <skipped/>
    <system-out><![CDATA[Then Verify the application redirected to Scratchcard page (NOT PERFORMED)
]]></system-out>
  </testcase>
  <testcase name="And Verify inline ad &apos;728&apos;,&apos;90&apos;" classname="com.pch.automation.stepdefinitions.fp.AdScenarioSteps" time="0">
    <skipped/>
    <system-out><![CDATA[And Verify right rail ad '300','250' (NOT PERFORMED)
]]></system-out>
  </testcase>
  <testcase name="And Verify right rail multiple ad &apos;300&apos;,&apos;600&apos;,&apos;300&apos;,&apos;250&apos;" classname="com.pch.automation.stepdefinitions.fp.AdScenarioSteps" time="0">
    <skipped/>
    <system-out><![CDATA[And Verify inline ad '728','90' (NOT PERFORMED)
]]></system-out>
  </testcase>
  <testcase name="And Play and verify scratchpath games" classname="com.pch.automation.stepdefinitions.fp.ScratchpathScenarioSteps" time="0">
    <skipped/>
    <system-out><![CDATA[And Verify right rail multiple ad '300','600','300','250' (NOT PERFORMED)
]]></system-out>
  </testcase>
  <testcase name="And Verify the application redirected to homepage instead of scratchcard page" classname="com.pch.automation.stepdefinitions.fp.ScratchpathScenarioSteps" time="0">
    <skipped/>
    <system-out><![CDATA[And Play and verify scratchpath games (NOT PERFORMED)
]]></system-out>
  </testcase>
  <testcase name="And Verify the absence of play bonus game icon" classname="com.pch.automation.stepdefinitions.fp.ScratchpathScenarioSteps" time="0">
    <skipped/>
    <system-out><![CDATA[And Verify the application redirected to homepage instead of scratchcard page (NOT PERFORMED)
]]></system-out>
  </testcase>
  <testcase name="And Navigate to Token History Page" classname="com.pch.automation.stepdefinitions.CommonScenarioSteps" time="0">
    <skipped/>
    <system-out><![CDATA[And Verify the absence of play bonus game icon (NOT PERFORMED)
]]></system-out>
  </testcase>
  <testcase name="And Verify token transaction details based on admin configured article &apos;tokens&apos;,&apos;description&apos;,&apos;1&apos;" classname="com.pch.automation.stepdefinitions.CommonScenarioSteps" time="0">
    <skipped/>
    <system-out><![CDATA[And Navigate to Token History Page (NOT PERFORMED)
]]></system-out>
  </testcase>
  <testcase name="And Verify the play bonus game property on database &apos;2&apos;" classname="com.pch.automation.stepdefinitions.fp.ScratchpathScenarioSteps" time="0">
    <skipped/>
    <system-out><![CDATA[And Verify token transaction details based on admin configured article 'tokens','description','1' (NOT PERFORMED)
]]></system-out>
  </testcase>
  <testcase name="AfterStories" classname="java.lang.Object" time="2.872"/>
</testsuite>