<?xml version="1.0" encoding="UTF-8"?>
<testsuite xmlns:xsi="http://www.w3.org/2001/XMLSchema-instance" xsi:schemaLocation="https://maven.apache.org/surefire/maven-surefire-plugin/xsd/surefire-test-report.xsd" name="com.pch.quiz.QuizTestSuite" time="1.511" tests="1" errors="1" skipped="0" failures="0">
  <properties>
[...]
</properties>
  <testcase name="com.pch.quiz.QuizTestSuite" classname="org.apache.maven.surefire.junit4.JUnit4Provider" time="1.509">
    <error message="Story path &apos;/Quiz/src/test/resources/stories/quiz/homepage/homepage.story&apos; not found by class loader jdk.internal.loader.ClassLoaders$AppClassLoader@6e5e91e4" type="org.jbehave.core.io.StoryResourceNotFound">org.jbehave.core.io.StoryResourceNotFound: Story path '/Quiz/src/test/resources/stories/quiz/homepage/homepage.story' not found by class loader jdk.internal.loader.ClassLoaders$AppClassLoader@6e5e91e4
	at org.apache.maven.surefire.junit4.JUnit4Provider.execute(JUnit4Provider.java:365)
	at org.apache.maven.surefire.junit4.JUnit4Provider.executeWithRerun(JUnit4Provider.java:274)
	at org.apache.maven.surefire.junit4.JUnit4Provider.executeTestSet(JUnit4Provider.java:238)
	at org.apache.maven.surefire.junit4.JUnit4Provider.invoke(JUnit4Provider.java:161)
</error>
  </testcase>
</testsuite>